<?xml version="1.0" encoding="UTF-8"?>
<!-- Generated by org.testng.reporters.JUnitReportReporter -->
<testsuite skipped="0" hostname="DESKTOP-FVELIPB" name="Com_ActiTime_Test.Demo" tests="1" failures="0" timestamp="12 Mar 2020 05:34:56 GMT" time="0.017" errors="0">
  <testcase name="testA" time="0.017" classname="Com_ActiTime_Test.Demo"/>
</testsuite> <!-- Com_ActiTime_Test.Demo -->
