<?xml version="1.0" encoding="UTF-8"?>
<!-- Generated by org.testng.reporters.JUnitReportReporter -->
<testsuite skipped="0" hostname="DESKTOP-FVELIPB" name="Com_ActiTime_Test.InvalidLoginTest" tests="1" failures="0" timestamp="06 Mar 2020 05:14:45 GMT" time="37.244" errors="0">
  <testcase name="InvalidLogin" time="37.244" classname="Com_ActiTime_Test.InvalidLoginTest"/>
</testsuite> <!-- Com_ActiTime_Test.InvalidLoginTest -->
